IrmtBle/build/outputs/logs/manifest-merger-debug-report.txt
-- Merging decision tree log ---
manifest
ADDED from IRMT BLE Android App/IrmtBle/AndroidManifest.xml:2:1-31:12
	package
		ADDED from IRMT BLE Android App/IrmtBle/AndroidManifest.xml:3:5-34
	android:versionName
		ADDED from IRMT BLE Android App/IrmtBle/AndroidManifest.xml:5:5-30
		INJECTED from IRMT BLE Android App/IrmtBle/AndroidManifest.xml
		INJECTED from IRMT BLE Android App/IrmtBle/AndroidManifest.xml
	android:versionCode
		ADDED from IRMT BLE Android App/IrmtBle/AndroidManifest.xml:4:5-28
		INJECTED from IRMT BLE Android App/IrmtBle/AndroidManifest.xml
		INJECTED from IRMT BLE Android App/IrmtBle/AndroidManifest.xml
	xmlns:android
		ADDED from IRMT BLE Android App/IrmtBle/AndroidManifest.xml:2:11-69
uses-sdk
ADDED from IRMT BLE Android App/IrmtBle/AndroidManifest.xml:7:5-9:41
	android:targetSdkVersion
		ADDED from IRMT BLE Android App/IrmtBle/AndroidManifest.xml:9:9-38
	android:minSdkVersion
		ADDED from IRMT BLE Android App/IrmtBle/AndroidManifest.xml:8:9-35
uses-feature#android.hardware.bluetooth_le
ADDED from IRMT BLE Android App/IrmtBle/AndroidManifest.xml:11:2-86
	android:required
		ADDED from IRMT BLE Android App/IrmtBle/AndroidManifest.xml:11:61-84
	android:name
		ADDED from IRMT BLE Android App/IrmtBle/AndroidManifest.xml:11:16-60
uses-permission#android.permission.BLUETOOTH
ADDED from IRMT BLE Android App/IrmtBle/AndroidManifest.xml:12:5-68
	android:name
		ADDED from IRMT BLE Android App/IrmtBle/AndroidManifest.xml:12:22-65
uses-permission#android.permission.BLUETOOTH_ADMIN
ADDED from IRMT BLE Android App/IrmtBle/AndroidManifest.xml:13:5-74
	android:name
		ADDED from IRMT BLE Android App/IrmtBle/AndroidManifest.xml:13:22-71
application
ADDED from IRMT BLE Android App/IrmtBle/AndroidManifest.xml:15:5-29:19
	android:label
		ADDED from IRMT BLE Android App/IrmtBle/AndroidManifest.xml:18:9-41
	android:allowBackup
		ADDED from IRMT BLE Android App/IrmtBle/AndroidManifest.xml:16:9-35
	android:icon
		ADDED from IRMT BLE Android App/IrmtBle/AndroidManifest.xml:17:9-45
	android:theme
		ADDED from IRMT BLE Android App/IrmtBle/AndroidManifest.xml:19:9-40
activity#com.example.irmtble.MainActivity
ADDED from IRMT BLE Android App/IrmtBle/AndroidManifest.xml:20:9-28:20
	android:label
		ADDED from IRMT BLE Android App/IrmtBle/AndroidManifest.xml:22:13-45
	android:name
		ADDED from IRMT BLE Android App/IrmtBle/AndroidManifest.xml:21:13-60
intent-filter#android.intent.action.MAIN+android.intent.category.LAUNCHER
ADDED from IRMT BLE Android App/IrmtBle/AndroidManifest.xml:23:13-27:29
action#android.intent.action.MAIN
ADDED from IRMT BLE Android App/IrmtBle/AndroidManifest.xml:24:17-69
	android:name
		ADDED from IRMT BLE Android App/IrmtBle/AndroidManifest.xml:24:25-66
category#android.intent.category.LAUNCHER
ADDED from IRMT BLE Android App/IrmtBle/AndroidManifest.xml:26:17-77
	android:name
		ADDED from IRMT BLE Android App/IrmtBle/AndroidManifest.xml:26:27-74